==============================================
Changes
==============================================

==============================================
Automation Scripts
==============================================
Added: IDS_JPSPEC


==============================================
UOM
==============================================
Added: 
DAILY
WEEKLY
MONTHLY
YEARLY

==============================================
Classifications
==============================================
Added: JOBPLAN

==============================================
Classification Spec
==============================================
Added: FREQ

==============================================
Relationship
==============================================
Added: IDS_JOBPLANFREQ