------------------------------------------------------
Database Objects Added: 
------------------------------------------------------
POLINE.LINETYPE Default Value: SERVICE
POLINE.TAX1CODE Default Value: SR
INVOICE Relationship WFINSTANCE
PO Relationship WFLASTMEMO
INVOICE Relationship WFLASTMEMO
------------------------------------------------------
Actions Added:
------------------------------------------------------
IRV_INVMANASSIGN
STOPWF

------------------------------------------------------
Workflow Added:
------------------------------------------------------
INVMANASSI
SUBINVWF

------------------------------------------------------
Application Changes:
------------------------------------------------------
invoice.xml

------------------------------------------------------
Automation Script Changes:
------------------------------------------------------
IRV_IRVMANASS
IRV_CREDVAL
AUTOPOHEAD
ATUOWOPO

------------------------------------------------------
Domain Added:
------------------------------------------------------
IRV_PIREASON

------------------------------------------------------
Query Added:
------------------------------------------------------
MYAPPRPOS

------------------------------------------------------
Actions Added:
------------------------------------------------------

IRV_CREDREV
IRV_CREDG
IRV_CREDREVG
IRV_CREDPRO
IRV_CREDPRO1