------------------------------------------------------
Workflows Modified Added: 
------------------------------------------------------
MAINPOWF
TOPICWF
SUBINVWF

------------------------------------------------------
Automation Scripts Added: 
------------------------------------------------------
IRV_SETAPPRGRP
IRV_INVVAL
IRV_SETINVAPPRGRP

------------------------------------------------------
Domains Added: 
------------------------------------------------------
IRV_POTYPE
IRV_INVISSUE

------------------------------------------------------
Database Objects Added: 
------------------------------------------------------
PERSONGROUP:
IRV_POTYPE
IRV_APPRLIMIT
IRV_OUTOFHOURS

INVOICE:
IRV_ISSUETYPE
IRV_REASONCODE
IRV_TOLAPPRGRP

INVOICE relationship:
IRV_REASONCODE

PO:
IRV_APPRGRP
IRV_POTYPE

------------------------------------------------------
Application Screens Modified: 
------------------------------------------------------
PERSONGR
PO
INVOICE

------------------------------------------------------
Actions/Action Groups Added: 
------------------------------------------------------
IRV_POREACTIVEG
IRV_POPROJECTG
IRV_POOTHERG
IRV_POCATERINGG
IRV_POAGENCYG
IRV_POPPMG
IRV_POSCHEDULEDG
IRV_CANREQ
IRV_ISS_CANREQ
IRV_ISSTYPE_INV
IRV_ISSTPYE_PO
IRV_ISS_CREDWAIT
IRV_CREDWAIT
IRV_ISS_TOLAPPRGRP
IRV_TOLAPPRGRP
IRV_POREACTIVE
IRV_POPROJECT
IRV_POOTHER
IRV_POCATERING
IRV_POAGENCY
IRV_POPPM
IRV_POSCHEDULED

------------------------------------------------------
Roles Added: 
------------------------------------------------------
POAPPR
IRV_TOLAPP
IRV_INVISS

------------------------------------------------------
Start Center Added: 
------------------------------------------------------
Purchasing 

------------------------------------------------------
Person Groups Added: 
------------------------------------------------------
PO
RECEIPT
INVOICE
HAREA05
HAREA1
HAREA5
HAREA10
HAREA50
HAREA100
HANOLIM
HAEST5
HAEST10
HAEST50
HAEST100
HAOTH10
HAOTH50
HAOTH100
HACAT1
HACAT25
HACAT50
HACAT100
HAAGY1
HAAGY10
HAAGY50
HAAGY100
HAPPM25
HAPPM50
HAPPM100
HASCH5
HASCH10
HASCH25
HASCH50
HASCH100
PIAGENCY
PICAT
PIESTREQ
PIOTHER
PIPPM
PIREACT
PISCHED

------------------------------------------------------
Queries Added: 
------------------------------------------------------
INVASSIGNISSUE
POASSIGNAPPR
POORIGINATOR






